  Main.c
C:\Users\shaha\source\repos\TheBigProject\TheBigProject\Main.c(27,26): warning C4473: 'sprintf' : not enough arguments passed for format string
C:\Users\shaha\source\repos\TheBigProject\TheBigProject\Main.c(27,26): message : placeholders and their parameters expect 6 variadic arguments, but 5 were provided
C:\Users\shaha\source\repos\TheBigProject\TheBigProject\Main.c(27,26): message : the missing variadic argument 6 is required by format string '%s'
C:\Users\shaha\source\repos\TheBigProject\TheBigProject\Main.c(39,34): warning C4473: 'sprintf' : not enough arguments passed for format string
C:\Users\shaha\source\repos\TheBigProject\TheBigProject\Main.c(39,34): message : placeholders and their parameters expect 6 variadic arguments, but 5 were provided
C:\Users\shaha\source\repos\TheBigProject\TheBigProject\Main.c(39,34): message : the missing variadic argument 6 is required by format string '%s'
C:\Users\shaha\source\repos\TheBigProject\TheBigProject\Main.c(47,39): warning C4473: 'sprintf' : not enough arguments passed for format string
C:\Users\shaha\source\repos\TheBigProject\TheBigProject\Main.c(47,39): message : placeholders and their parameters expect 6 variadic arguments, but 5 were provided
C:\Users\shaha\source\repos\TheBigProject\TheBigProject\Main.c(47,39): message : the missing variadic argument 6 is required by format string '%s'
C:\Users\shaha\source\repos\TheBigProject\TheBigProject\Main.c(55,38): warning C4473: 'sprintf' : not enough arguments passed for format string
C:\Users\shaha\source\repos\TheBigProject\TheBigProject\Main.c(55,38): message : placeholders and their parameters expect 6 variadic arguments, but 5 were provided
C:\Users\shaha\source\repos\TheBigProject\TheBigProject\Main.c(55,38): message : the missing variadic argument 6 is required by format string '%s'
C:\Users\shaha\source\repos\TheBigProject\TheBigProject\Main.c(68,38): warning C4473: 'sprintf' : not enough arguments passed for format string
C:\Users\shaha\source\repos\TheBigProject\TheBigProject\Main.c(68,38): message : placeholders and their parameters expect 6 variadic arguments, but 5 were provided
C:\Users\shaha\source\repos\TheBigProject\TheBigProject\Main.c(68,38): message : the missing variadic argument 6 is required by format string '%s'
C:\Users\shaha\source\repos\TheBigProject\TheBigProject\Main.c(91,38): warning C4473: 'sprintf' : not enough arguments passed for format string
C:\Users\shaha\source\repos\TheBigProject\TheBigProject\Main.c(91,38): message : placeholders and their parameters expect 6 variadic arguments, but 5 were provided
C:\Users\shaha\source\repos\TheBigProject\TheBigProject\Main.c(91,38): message : the missing variadic argument 6 is required by format string '%s'
C:\Users\shaha\source\repos\TheBigProject\TheBigProject\Main.c(100,39): warning C4473: 'sprintf' : not enough arguments passed for format string
C:\Users\shaha\source\repos\TheBigProject\TheBigProject\Main.c(100,39): message : placeholders and their parameters expect 6 variadic arguments, but 5 were provided
C:\Users\shaha\source\repos\TheBigProject\TheBigProject\Main.c(100,39): message : the missing variadic argument 6 is required by format string '%s'
C:\Users\shaha\source\repos\TheBigProject\TheBigProject\Main.c(108,38): warning C4473: 'sprintf' : not enough arguments passed for format string
C:\Users\shaha\source\repos\TheBigProject\TheBigProject\Main.c(108,38): message : placeholders and their parameters expect 6 variadic arguments, but 5 were provided
C:\Users\shaha\source\repos\TheBigProject\TheBigProject\Main.c(108,38): message : the missing variadic argument 6 is required by format string '%s'
C:\Users\shaha\source\repos\TheBigProject\TheBigProject\Main.c(18,1): warning C4047: 'initializing': 'char' differs in levels of indirection from 'void *'
  TheBigProject.vcxproj -> C:\Users\shaha\source\repos\TheBigProject\x64\Debug\TheBigProject.exe
